<?xml version="1.0" encoding="UTF-8"?>
<!-- Generated by org.testng.reporters.JUnitReportReporter -->
<testsuite skipped="0" hostname="PC0N26DS" name="tests.LoginTests" tests="3" failures="0" timestamp="09 sep 2019 07:56:24 GMT" time="55.878" errors="0">
  <testcase name="validLoginTest_validUserNameAndValidPassword" time="20.302" classname="tests.LoginTests"/>
  <testcase name="invalidLoginTest_InvalidUserNameInvalidPassword" time="17.195" classname="tests.LoginTests"/>
  <testcase name="invalidLoginTest_EmptyUserEmptyPassword" time="18.381" classname="tests.LoginTests"/>
</testsuite> <!-- tests.LoginTests -->
