<?xml version="1.0" encoding="UTF-8"?>
<!-- Generated by org.testng.reporters.JUnitReportReporter -->
<testsuite skipped="0" hostname="mirian-PC" name="automatizacion.greenpower.test.LoginTests" tests="2" failures="0" timestamp="08 sep 2019 21:29:15 GMT" time="39.835" errors="0">
  <testcase name="invalidLoginTest_InvalidUserNameInvalidPassword" time="23.845" classname="automatizacion.greenpower.test.LoginTests"/>
  <testcase name="invalidLoginTest_EmptyUserEmptyPassword" time="15.990" classname="automatizacion.greenpower.test.LoginTests"/>
</testsuite> <!-- automatizacion.greenpower.test.LoginTests -->
